<?xml version="1.0" encoding="UTF-8"?>
<!-- Generated by org.testng.reporters.JUnitReportReporter -->
<testsuite hostname="DESKTOP-MCCF54M" name="com.crm.qa.testcases.LoginPageTest" tests="1" failures="0" timestamp="19 Apr 2019 07:22:15 GMT" time="9.011" errors="0">
  <testcase name="LoginPageTitleTest" time="9.011" classname="com.crm.qa.testcases.LoginPageTest"/>
</testsuite> <!-- com.crm.qa.testcases.LoginPageTest -->
