<?xml version="1.0" encoding="UTF-8"?>
<!-- Generated by org.testng.reporters.JUnitReportReporter -->
<testsuite hostname="LAPTOP-QLT5U75C" name="com.crm.qa.testcases.HomePageTest" tests="3" failures="0" timestamp="4 May 2019 11:34:15 GMT" time="62.285" errors="0">
  <testcase name="verifyUsernameTest" time="21.721" classname="com.crm.qa.testcases.HomePageTest"/>
  <testcase name="verifyHomePageTitleTest" time="21.825" classname="com.crm.qa.testcases.HomePageTest"/>
  <testcase name="verifyContactsLinkTest" time="18.739" classname="com.crm.qa.testcases.HomePageTest"/>
</testsuite> <!-- com.crm.qa.testcases.HomePageTest -->
