<?xml version="1.0" encoding="UTF-8"?>
<!-- Generated by org.testng.reporters.JUnitReportReporter -->
<testsuite hostname="LAPTOP-QLT5U75C" name="com.crm.qa.testcases.LoginPageTest" tests="1" failures="0" timestamp="4 May 2019 11:34:15 GMT" time="28.487" errors="0">
  <testcase name="LoginPageTitleTest" time="28.487" classname="com.crm.qa.testcases.LoginPageTest"/>
</testsuite> <!-- com.crm.qa.testcases.LoginPageTest -->
