<?xml version="1.0" encoding="UTF-8"?>
<!-- Generated by org.testng.reporters.JUnitReportReporter -->
<testsuite hostname="DESKTOP-MCCF54M" name="com.crm.qa.testcases.LoginPageTest" tests="1" failures="0" timestamp="23 Apr 2019 09:11:17 GMT" time="7.198" errors="0">
  <testcase name="LoginPageTitleTest" time="7.198" classname="com.crm.qa.testcases.LoginPageTest"/>
</testsuite> <!-- com.crm.qa.testcases.LoginPageTest -->
