<?xml version="1.0" encoding="UTF-8"?>
<!-- Generated by org.testng.reporters.JUnitReportReporter -->
<testsuite hostname="DESKTOP-MCCF54M" name="com.crm.qa.testcases.HomePageTest" tests="3" failures="0" timestamp="23 Apr 2019 09:11:17 GMT" time="37.974" errors="0">
  <testcase name="verifyUsernameTest" time="12.887" classname="com.crm.qa.testcases.HomePageTest"/>
  <testcase name="verifyContactsLinkTest" time="13.390" classname="com.crm.qa.testcases.HomePageTest"/>
  <testcase name="verifyHomePageTitleTest" time="11.697" classname="com.crm.qa.testcases.HomePageTest"/>
</testsuite> <!-- com.crm.qa.testcases.HomePageTest -->
